<?xml version="1.0" encoding="UTF-8"?>
<testng-results skipped="0" failed="0" ignored="0" total="1" passed="1">
  <reporter-output>
  </reporter-output>
  <suite name="example.NewTest" duration-ms="13823" started-at="2021-05-31T11:47:17 CEST" finished-at="2021-05-31T11:47:31 CEST">
    <groups>
    </groups>
    <test name="Command line test" duration-ms="13823" started-at="2021-05-31T11:47:17 CEST" finished-at="2021-05-31T11:47:31 CEST">
      <class name="example.NewTest">
        <test-method status="PASS" signature="beforeTest()[pri:0, instance:example.NewTest@31610302]" name="beforeTest" is-config="true" duration-ms="10897" started-at="2021-05-31T11:47:17 CEST" finished-at="2021-05-31T11:47:28 CEST">
          <reporter-output>
          </reporter-output>
        </test-method> <!-- beforeTest -->
        <test-method status="PASS" signature="testEasy()[pri:0, instance:example.NewTest@31610302]" name="testEasy" duration-ms="1394" started-at="2021-05-31T11:47:28 CEST" finished-at="2021-05-31T11:47:29 CEST">
          <reporter-output>
          </reporter-output>
        </test-method> <!-- testEasy -->
        <test-method status="PASS" signature="afterTest()[pri:0, instance:example.NewTest@31610302]" name="afterTest" is-config="true" duration-ms="1468" started-at="2021-05-31T11:47:29 CEST" finished-at="2021-05-31T11:47:31 CEST">
          <reporter-output>
          </reporter-output>
        </test-method> <!-- afterTest -->
      </class> <!-- example.NewTest -->
    </test> <!-- Command line test -->
  </suite> <!-- example.NewTest -->
</testng-results>
