<?xml version="1.0" encoding="UTF-8"?>
<testng-results skipped="0" failed="0" ignored="0" total="1" passed="1">
  <reporter-output>
  </reporter-output>
  <suite name="Suite" duration-ms="9889" started-at="2021-05-31T11:50:02 CEST" finished-at="2021-05-31T11:50:12 CEST">
    <groups>
    </groups>
    <test name="Test" duration-ms="9889" started-at="2021-05-31T11:50:02 CEST" finished-at="2021-05-31T11:50:12 CEST">
      <class name="example.NewTest">
        <test-method status="PASS" signature="beforeTest()[pri:0, instance:example.NewTest@7a187f14]" name="beforeTest" is-config="true" duration-ms="6833" started-at="2021-05-31T11:50:02 CEST" finished-at="2021-05-31T11:50:09 CEST">
          <reporter-output>
          </reporter-output>
        </test-method> <!-- beforeTest -->
        <test-method status="PASS" signature="testEasy()[pri:0, instance:example.NewTest@7a187f14]" name="testEasy" duration-ms="1633" started-at="2021-05-31T11:50:09 CEST" finished-at="2021-05-31T11:50:11 CEST">
          <reporter-output>
          </reporter-output>
        </test-method> <!-- testEasy -->
        <test-method status="PASS" signature="afterTest()[pri:0, instance:example.NewTest@7a187f14]" name="afterTest" is-config="true" duration-ms="1341" started-at="2021-05-31T11:50:11 CEST" finished-at="2021-05-31T11:50:12 CEST">
          <reporter-output>
          </reporter-output>
        </test-method> <!-- afterTest -->
      </class> <!-- example.NewTest -->
    </test> <!-- Test -->
  </suite> <!-- Suite -->
</testng-results>
